2022-07-27 13:18:58 [34mINFO [0;39m - com.company.ShopUzApplication  - Starting ShopUzApplication using Java 17.0.2 on LAPTOP-9RLPLDCG with PID 9552 (C:\Samandar\Asilbekjon\ShopUz\target\classes started by samandar in C:\Samandar\Asilbekjon\ShopUz)
2022-07-27 13:18:58 [34mINFO [0;39m - com.company.ShopUzApplication  - The following 1 profile is active: "dev"
2022-07-27 13:18:59 [34mINFO [0;39m - org.springframework.data.repository.config.RepositoryConfigurationDelegate  - Bootstrapping Spring Data JPA repositories in DEFAULT mode.
2022-07-27 13:18:59 [34mINFO [0;39m - org.springframework.data.repository.config.RepositoryConfigurationDelegate  - Finished Spring Data repository scanning in 49 ms. Found 6 JPA repository interfaces.
2022-07-27 13:19:00 [34mINFO [0;39m - org.springframework.boot.web.embedded.tomcat.TomcatWebServer  - Tomcat initialized with port(s): 8080 (http)
2022-07-27 13:19:00 [34mINFO [0;39m - org.apache.catalina.core.StandardService  - Starting service [Tomcat]
2022-07-27 13:19:00 [34mINFO [0;39m - org.apache.catalina.core.StandardEngine  - Starting Servlet engine: [Apache Tomcat/9.0.64]
2022-07-27 13:19:00 [34mINFO [0;39m - org.apache.catalina.core.ContainerBase.[Tomcat].[localhost].[/]  - Initializing Spring embedded WebApplicationContext
2022-07-27 13:19:00 [34mINFO [0;39m - org.springframework.boot.web.servlet.context.ServletWebServerApplicationContext  - Root WebApplicationContext: initialization completed in 1569 ms
2022-07-27 13:19:00 [34mINFO [0;39m - org.hibernate.jpa.internal.util.LogHelper  - HHH000204: Processing PersistenceUnitInfo [name: default]
2022-07-27 13:19:00 [34mINFO [0;39m - org.hibernate.Version  - HHH000412: Hibernate ORM core version 5.6.9.Final
2022-07-27 13:19:00 [34mINFO [0;39m - org.hibernate.annotations.common.Version  - HCANN000001: Hibernate Commons Annotations {5.1.2.Final}
2022-07-27 13:19:00 [34mINFO [0;39m - com.zaxxer.hikari.HikariDataSource  - HikariPool-1 - Starting...
2022-07-27 13:19:00 [34mINFO [0;39m - com.zaxxer.hikari.HikariDataSource  - HikariPool-1 - Start completed.
2022-07-27 13:19:00 [34mINFO [0;39m - org.hibernate.dialect.Dialect  - HHH000400: Using dialect: org.hibernate.dialect.PostgreSQL10Dialect
2022-07-27 13:19:01 [31mWARN [0;39m - org.hibernate.id.UUIDHexGenerator  - HHH000409: Using org.hibernate.id.UUIDHexGenerator which does not generate IETF RFC 4122 compliant UUID values; consider using org.hibernate.id.UUIDGenerator instead
2022-07-27 13:19:01 [34mINFO [0;39m - org.hibernate.engine.transaction.jta.platform.internal.JtaPlatformInitiator  - HHH000490: Using JtaPlatform implementation: [org.hibernate.engine.transaction.jta.platform.internal.NoJtaPlatform]
2022-07-27 13:19:01 [34mINFO [0;39m - org.springframework.orm.jpa.LocalContainerEntityManagerFactoryBean  - Initialized JPA EntityManagerFactory for persistence unit 'default'
2022-07-27 13:19:02 [31mWARN [0;39m - org.springframework.boot.autoconfigure.orm.jpa.JpaBaseConfiguration$JpaWebConfiguration  - spring.jpa.open-in-view is enabled by default. Therefore, database queries may be performed during view rendering. Explicitly configure spring.jpa.open-in-view to disable this warning
2022-07-27 13:19:02 [34mINFO [0;39m - org.springframework.security.web.DefaultSecurityFilterChain  - Will secure any request with [org.springframework.security.web.session.DisableEncodeUrlFilter@5dff108c, org.springframework.security.web.context.request.async.WebAsyncManagerIntegrationFilter@22d47f09, org.springframework.security.web.context.SecurityContextPersistenceFilter@59d29065, org.springframework.security.web.header.HeaderWriterFilter@608c2042, org.springframework.security.web.authentication.logout.LogoutFilter@acea29e, com.company.config.JwtTokenFilter@208f0007, org.springframework.security.web.savedrequest.RequestCacheAwareFilter@303db609, org.springframework.security.web.servletapi.SecurityContextHolderAwareRequestFilter@7fcfe065, org.springframework.security.web.authentication.AnonymousAuthenticationFilter@28100232, org.springframework.security.web.session.SessionManagementFilter@22c0344e, org.springframework.security.web.access.ExceptionTranslationFilter@e460ca1, org.springframework.security.web.access.intercept.FilterSecurityInterceptor@74ee97cb]
2022-07-27 13:19:02 [34mINFO [0;39m - org.springframework.boot.web.embedded.tomcat.TomcatWebServer  - Tomcat started on port(s): 8080 (http) with context path ''
2022-07-27 13:19:02 [34mINFO [0;39m - com.company.ShopUzApplication  - Started ShopUzApplication in 4.64 seconds (JVM running for 5.512)
2022-07-27 13:19:13 [34mINFO [0;39m - org.apache.catalina.core.ContainerBase.[Tomcat].[localhost].[/]  - Initializing Spring DispatcherServlet 'dispatcherServlet'
2022-07-27 13:19:13 [34mINFO [0;39m - org.springframework.web.servlet.DispatcherServlet  - Initializing Servlet 'dispatcherServlet'
2022-07-27 13:19:13 [34mINFO [0;39m - org.springframework.web.servlet.DispatcherServlet  - Completed initialization in 1 ms
2022-07-27 13:19:13 [31mWARN [0;39m - org.springframework.web.servlet.mvc.support.DefaultHandlerExceptionResolver  - Resolved [org.springframework.web.HttpMediaTypeNotSupportedException: Content type 'application/x-www-form-urlencoded;charset=UTF-8' not supported]
2022-07-27 13:24:41 [34mINFO [0;39m - org.springframework.orm.jpa.LocalContainerEntityManagerFactoryBean  - Closing JPA EntityManagerFactory for persistence unit 'default'
2022-07-27 13:24:41 [34mINFO [0;39m - com.zaxxer.hikari.HikariDataSource  - HikariPool-1 - Shutdown initiated...
2022-07-27 13:24:41 [34mINFO [0;39m - com.zaxxer.hikari.HikariDataSource  - HikariPool-1 - Shutdown completed.
2022-07-27 13:24:44 [34mINFO [0;39m - com.company.ShopUzApplication  - Starting ShopUzApplication using Java 17.0.2 on LAPTOP-9RLPLDCG with PID 4632 (C:\Samandar\Asilbekjon\ShopUz\target\classes started by samandar in C:\Samandar\Asilbekjon\ShopUz)
2022-07-27 13:24:44 [34mINFO [0;39m - com.company.ShopUzApplication  - The following 1 profile is active: "dev"
2022-07-27 13:24:45 [34mINFO [0;39m - org.springframework.data.repository.config.RepositoryConfigurationDelegate  - Bootstrapping Spring Data JPA repositories in DEFAULT mode.
2022-07-27 13:24:45 [34mINFO [0;39m - org.springframework.data.repository.config.RepositoryConfigurationDelegate  - Finished Spring Data repository scanning in 46 ms. Found 6 JPA repository interfaces.
2022-07-27 13:24:46 [34mINFO [0;39m - org.springframework.boot.web.embedded.tomcat.TomcatWebServer  - Tomcat initialized with port(s): 8080 (http)
2022-07-27 13:24:46 [34mINFO [0;39m - org.apache.catalina.core.StandardService  - Starting service [Tomcat]
2022-07-27 13:24:46 [34mINFO [0;39m - org.apache.catalina.core.StandardEngine  - Starting Servlet engine: [Apache Tomcat/9.0.64]
2022-07-27 13:24:46 [34mINFO [0;39m - org.apache.catalina.core.ContainerBase.[Tomcat].[localhost].[/]  - Initializing Spring embedded WebApplicationContext
2022-07-27 13:24:46 [34mINFO [0;39m - org.springframework.boot.web.servlet.context.ServletWebServerApplicationContext  - Root WebApplicationContext: initialization completed in 1159 ms
2022-07-27 13:24:46 [34mINFO [0;39m - org.hibernate.jpa.internal.util.LogHelper  - HHH000204: Processing PersistenceUnitInfo [name: default]
2022-07-27 13:24:46 [34mINFO [0;39m - org.hibernate.Version  - HHH000412: Hibernate ORM core version 5.6.9.Final
2022-07-27 13:24:46 [34mINFO [0;39m - org.hibernate.annotations.common.Version  - HCANN000001: Hibernate Commons Annotations {5.1.2.Final}
2022-07-27 13:24:46 [34mINFO [0;39m - com.zaxxer.hikari.HikariDataSource  - HikariPool-1 - Starting...
2022-07-27 13:24:46 [34mINFO [0;39m - com.zaxxer.hikari.HikariDataSource  - HikariPool-1 - Start completed.
2022-07-27 13:24:46 [34mINFO [0;39m - org.hibernate.dialect.Dialect  - HHH000400: Using dialect: org.hibernate.dialect.PostgreSQL10Dialect
2022-07-27 13:24:46 [31mWARN [0;39m - org.hibernate.id.UUIDHexGenerator  - HHH000409: Using org.hibernate.id.UUIDHexGenerator which does not generate IETF RFC 4122 compliant UUID values; consider using org.hibernate.id.UUIDGenerator instead
2022-07-27 13:24:47 [34mINFO [0;39m - org.hibernate.engine.transaction.jta.platform.internal.JtaPlatformInitiator  - HHH000490: Using JtaPlatform implementation: [org.hibernate.engine.transaction.jta.platform.internal.NoJtaPlatform]
2022-07-27 13:24:47 [34mINFO [0;39m - org.springframework.orm.jpa.LocalContainerEntityManagerFactoryBean  - Initialized JPA EntityManagerFactory for persistence unit 'default'
2022-07-27 13:24:47 [31mWARN [0;39m - org.springframework.boot.autoconfigure.orm.jpa.JpaBaseConfiguration$JpaWebConfiguration  - spring.jpa.open-in-view is enabled by default. Therefore, database queries may be performed during view rendering. Explicitly configure spring.jpa.open-in-view to disable this warning
2022-07-27 13:24:48 [34mINFO [0;39m - org.springframework.security.web.DefaultSecurityFilterChain  - Will secure any request with [org.springframework.security.web.session.DisableEncodeUrlFilter@2184962c, org.springframework.security.web.context.request.async.WebAsyncManagerIntegrationFilter@4d9bccfe, org.springframework.security.web.context.SecurityContextPersistenceFilter@779ef5cb, org.springframework.security.web.header.HeaderWriterFilter@7ce760af, org.springframework.security.web.authentication.logout.LogoutFilter@6dbdeb69, com.company.config.JwtTokenFilter@76130a29, org.springframework.security.web.savedrequest.RequestCacheAwareFilter@43cc7951, org.springframework.security.web.servletapi.SecurityContextHolderAwareRequestFilter@9ae0794, org.springframework.security.web.authentication.AnonymousAuthenticationFilter@412440c1, org.springframework.security.web.session.SessionManagementFilter@4a0c04ab, org.springframework.security.web.access.ExceptionTranslationFilter@7a17ffee, org.springframework.security.web.access.intercept.FilterSecurityInterceptor@5ce41f1f]
2022-07-27 13:24:48 [34mINFO [0;39m - org.springframework.boot.web.embedded.tomcat.TomcatWebServer  - Tomcat started on port(s): 8080 (http) with context path ''
2022-07-27 13:24:48 [34mINFO [0;39m - com.company.ShopUzApplication  - Started ShopUzApplication in 3.97 seconds (JVM running for 4.587)
2022-07-27 13:25:13 [34mINFO [0;39m - org.apache.catalina.core.ContainerBase.[Tomcat].[localhost].[/]  - Initializing Spring DispatcherServlet 'dispatcherServlet'
2022-07-27 13:25:13 [34mINFO [0;39m - org.springframework.web.servlet.DispatcherServlet  - Initializing Servlet 'dispatcherServlet'
2022-07-27 13:25:13 [34mINFO [0;39m - org.springframework.web.servlet.DispatcherServlet  - Completed initialization in 1 ms
2022-07-27 13:25:38 [34mINFO [0;39m - org.springframework.orm.jpa.LocalContainerEntityManagerFactoryBean  - Closing JPA EntityManagerFactory for persistence unit 'default'
2022-07-27 13:25:38 [34mINFO [0;39m - com.zaxxer.hikari.HikariDataSource  - HikariPool-1 - Shutdown initiated...
2022-07-27 13:25:38 [34mINFO [0;39m - com.zaxxer.hikari.HikariDataSource  - HikariPool-1 - Shutdown completed.
2022-07-27 13:25:40 [34mINFO [0;39m - com.company.ShopUzApplication  - Starting ShopUzApplication using Java 17.0.2 on LAPTOP-9RLPLDCG with PID 10256 (C:\Samandar\Asilbekjon\ShopUz\target\classes started by samandar in C:\Samandar\Asilbekjon\ShopUz)
2022-07-27 13:25:40 [34mINFO [0;39m - com.company.ShopUzApplication  - The following 1 profile is active: "dev"
2022-07-27 13:25:41 [34mINFO [0;39m - org.springframework.data.repository.config.RepositoryConfigurationDelegate  - Bootstrapping Spring Data JPA repositories in DEFAULT mode.
2022-07-27 13:25:41 [34mINFO [0;39m - org.springframework.data.repository.config.RepositoryConfigurationDelegate  - Finished Spring Data repository scanning in 45 ms. Found 6 JPA repository interfaces.
2022-07-27 13:25:41 [34mINFO [0;39m - org.springframework.boot.web.embedded.tomcat.TomcatWebServer  - Tomcat initialized with port(s): 8080 (http)
2022-07-27 13:25:41 [34mINFO [0;39m - org.apache.catalina.core.StandardService  - Starting service [Tomcat]
2022-07-27 13:25:41 [34mINFO [0;39m - org.apache.catalina.core.StandardEngine  - Starting Servlet engine: [Apache Tomcat/9.0.64]
2022-07-27 13:25:41 [34mINFO [0;39m - org.apache.catalina.core.ContainerBase.[Tomcat].[localhost].[/]  - Initializing Spring embedded WebApplicationContext
2022-07-27 13:25:41 [34mINFO [0;39m - org.springframework.boot.web.servlet.context.ServletWebServerApplicationContext  - Root WebApplicationContext: initialization completed in 1107 ms
2022-07-27 13:25:41 [34mINFO [0;39m - org.hibernate.jpa.internal.util.LogHelper  - HHH000204: Processing PersistenceUnitInfo [name: default]
2022-07-27 13:25:41 [34mINFO [0;39m - org.hibernate.Version  - HHH000412: Hibernate ORM core version 5.6.9.Final
2022-07-27 13:25:42 [34mINFO [0;39m - org.hibernate.annotations.common.Version  - HCANN000001: Hibernate Commons Annotations {5.1.2.Final}
2022-07-27 13:25:42 [34mINFO [0;39m - com.zaxxer.hikari.HikariDataSource  - HikariPool-1 - Starting...
2022-07-27 13:25:42 [34mINFO [0;39m - com.zaxxer.hikari.HikariDataSource  - HikariPool-1 - Start completed.
2022-07-27 13:25:42 [34mINFO [0;39m - org.hibernate.dialect.Dialect  - HHH000400: Using dialect: org.hibernate.dialect.PostgreSQL10Dialect
2022-07-27 13:25:42 [31mWARN [0;39m - org.hibernate.id.UUIDHexGenerator  - HHH000409: Using org.hibernate.id.UUIDHexGenerator which does not generate IETF RFC 4122 compliant UUID values; consider using org.hibernate.id.UUIDGenerator instead
2022-07-27 13:25:43 [34mINFO [0;39m - org.hibernate.engine.transaction.jta.platform.internal.JtaPlatformInitiator  - HHH000490: Using JtaPlatform implementation: [org.hibernate.engine.transaction.jta.platform.internal.NoJtaPlatform]
2022-07-27 13:25:43 [34mINFO [0;39m - org.springframework.orm.jpa.LocalContainerEntityManagerFactoryBean  - Initialized JPA EntityManagerFactory for persistence unit 'default'
2022-07-27 13:25:43 [31mWARN [0;39m - org.springframework.boot.autoconfigure.orm.jpa.JpaBaseConfiguration$JpaWebConfiguration  - spring.jpa.open-in-view is enabled by default. Therefore, database queries may be performed during view rendering. Explicitly configure spring.jpa.open-in-view to disable this warning
2022-07-27 13:25:43 [34mINFO [0;39m - org.springframework.security.web.DefaultSecurityFilterChain  - Will secure any request with [org.springframework.security.web.session.DisableEncodeUrlFilter@268e30d4, org.springframework.security.web.context.request.async.WebAsyncManagerIntegrationFilter@7c50709a, org.springframework.security.web.context.SecurityContextPersistenceFilter@43dddfdd, org.springframework.security.web.header.HeaderWriterFilter@680937c9, org.springframework.security.web.authentication.logout.LogoutFilter@334d825c, com.company.config.JwtTokenFilter@7f973a14, org.springframework.security.web.savedrequest.RequestCacheAwareFilter@7267006e, org.springframework.security.web.servletapi.SecurityContextHolderAwareRequestFilter@20a116a0, org.springframework.security.web.authentication.AnonymousAuthenticationFilter@af007d6, org.springframework.security.web.session.SessionManagementFilter@7cc3a7f7, org.springframework.security.web.access.ExceptionTranslationFilter@9ae0794, org.springframework.security.web.access.intercept.FilterSecurityInterceptor@110318a7]
2022-07-27 13:25:43 [34mINFO [0;39m - org.springframework.boot.web.embedded.tomcat.TomcatWebServer  - Tomcat started on port(s): 8080 (http) with context path ''
2022-07-27 13:25:43 [34mINFO [0;39m - com.company.ShopUzApplication  - Started ShopUzApplication in 3.721 seconds (JVM running for 4.305)
2022-07-27 13:25:45 [34mINFO [0;39m - org.apache.catalina.core.ContainerBase.[Tomcat].[localhost].[/]  - Initializing Spring DispatcherServlet 'dispatcherServlet'
2022-07-27 13:25:45 [34mINFO [0;39m - org.springframework.web.servlet.DispatcherServlet  - Initializing Servlet 'dispatcherServlet'
2022-07-27 13:25:45 [34mINFO [0;39m - org.springframework.web.servlet.DispatcherServlet  - Completed initialization in 1 ms
2022-07-27 13:25:45 [1;31mERROR[0;39m - org.apache.catalina.core.ContainerBase.[Tomcat].[localhost].[/].[dispatcherServlet]  - Servlet.service() for servlet [dispatcherServlet] in context with path [] threw exception [Request processing failed; nested exception is java.lang.NullPointerException: Cannot invoke "com.company.repository.AttachRepository.save(Object)" because "this.attachRepository" is null] with root cause
java.lang.NullPointerException: Cannot invoke "com.company.repository.AttachRepository.save(Object)" because "this.attachRepository" is null
	at com.company.service.AttachService.create(AttachService.java:63)
	at com.company.service.AttachService$$FastClassBySpringCGLIB$$2e2b2b9.invoke(<generated>)
	at org.springframework.cglib.proxy.MethodProxy.invoke(MethodProxy.java:218)
	at org.springframework.aop.framework.CglibAopProxy.invokeMethod(CglibAopProxy.java:386)
	at org.springframework.aop.framework.CglibAopProxy.access$000(CglibAopProxy.java:85)
	at org.springframework.aop.framework.CglibAopProxy$DynamicAdvisedInterceptor.intercept(CglibAopProxy.java:704)
	at com.company.service.AttachService$$EnhancerBySpringCGLIB$$3abcc97c.create(<generated>)
	at com.company.controller.AttachController.create(AttachController.java:23)
	at java.base/jdk.internal.reflect.NativeMethodAccessorImpl.invoke0(Native Method)
	at java.base/jdk.internal.reflect.NativeMethodAccessorImpl.invoke(NativeMethodAccessorImpl.java:77)
	at java.base/jdk.internal.reflect.DelegatingMethodAccessorImpl.invoke(DelegatingMethodAccessorImpl.java:43)
	at java.base/java.lang.reflect.Method.invoke(Method.java:568)
	at org.springframework.web.method.support.InvocableHandlerMethod.doInvoke(InvocableHandlerMethod.java:205)
	at org.springframework.web.method.support.InvocableHandlerMethod.invokeForRequest(InvocableHandlerMethod.java:150)
	at org.springframework.web.servlet.mvc.method.annotation.ServletInvocableHandlerMethod.invokeAndHandle(ServletInvocableHandlerMethod.java:117)
	at org.springframework.web.servlet.mvc.method.annotation.RequestMappingHandlerAdapter.invokeHandlerMethod(RequestMappingHandlerAdapter.java:895)
	at org.springframework.web.servlet.mvc.method.annotation.RequestMappingHandlerAdapter.handleInternal(RequestMappingHandlerAdapter.java:808)
	at org.springframework.web.servlet.mvc.method.AbstractHandlerMethodAdapter.handle(AbstractHandlerMethodAdapter.java:87)
	at org.springframework.web.servlet.DispatcherServlet.doDispatch(DispatcherServlet.java:1067)
	at org.springframework.web.servlet.DispatcherServlet.doService(DispatcherServlet.java:963)
	at org.springframework.web.servlet.FrameworkServlet.processRequest(FrameworkServlet.java:1006)
	at org.springframework.web.servlet.FrameworkServlet.doPost(FrameworkServlet.java:909)
	at javax.servlet.http.HttpServlet.service(HttpServlet.java:681)
	at org.springframework.web.servlet.FrameworkServlet.service(FrameworkServlet.java:883)
	at javax.servlet.http.HttpServlet.service(HttpServlet.java:764)
	at org.apache.catalina.core.ApplicationFilterChain.internalDoFilter(ApplicationFilterChain.java:227)
	at org.apache.catalina.core.ApplicationFilterChain.doFilter(ApplicationFilterChain.java:162)
	at org.apache.tomcat.websocket.server.WsFilter.doFilter(WsFilter.java:53)
	at org.apache.catalina.core.ApplicationFilterChain.internalDoFilter(ApplicationFilterChain.java:189)
	at org.apache.catalina.core.ApplicationFilterChain.doFilter(ApplicationFilterChain.java:162)
	at org.springframework.web.filter.OncePerRequestFilter.doFilter(OncePerRequestFilter.java:111)
	at org.apache.catalina.core.ApplicationFilterChain.internalDoFilter(ApplicationFilterChain.java:189)
	at org.apache.catalina.core.ApplicationFilterChain.doFilter(ApplicationFilterChain.java:162)
	at org.springframework.security.web.FilterChainProxy$VirtualFilterChain.doFilter(FilterChainProxy.java:327)
	at org.springframework.security.web.access.intercept.FilterSecurityInterceptor.invoke(FilterSecurityInterceptor.java:115)
	at org.springframework.security.web.access.intercept.FilterSecurityInterceptor.doFilter(FilterSecurityInterceptor.java:81)
	at org.springframework.security.web.FilterChainProxy$VirtualFilterChain.doFilter(FilterChainProxy.java:336)
	at org.springframework.security.web.access.ExceptionTranslationFilter.doFilter(ExceptionTranslationFilter.java:122)
	at org.springframework.security.web.access.ExceptionTranslationFilter.doFilter(ExceptionTranslationFilter.java:116)
	at org.springframework.security.web.FilterChainProxy$VirtualFilterChain.doFilter(FilterChainProxy.java:336)
	at org.springframework.security.web.session.SessionManagementFilter.doFilter(SessionManagementFilter.java:126)
	at org.springframework.security.web.session.SessionManagementFilter.doFilter(SessionManagementFilter.java:81)
	at org.springframework.security.web.FilterChainProxy$VirtualFilterChain.doFilter(FilterChainProxy.java:336)
	at org.springframework.security.web.authentication.AnonymousAuthenticationFilter.doFilter(AnonymousAuthenticationFilter.java:109)
	at org.springframework.security.web.FilterChainProxy$VirtualFilterChain.doFilter(FilterChainProxy.java:336)
	at org.springframework.security.web.servletapi.SecurityContextHolderAwareRequestFilter.doFilter(SecurityContextHolderAwareRequestFilter.java:149)
	at org.springframework.security.web.FilterChainProxy$VirtualFilterChain.doFilter(FilterChainProxy.java:336)
	at org.springframework.security.web.savedrequest.RequestCacheAwareFilter.doFilter(RequestCacheAwareFilter.java:63)
	at org.springframework.security.web.FilterChainProxy$VirtualFilterChain.doFilter(FilterChainProxy.java:336)
	at com.company.config.JwtTokenFilter.doFilterInternal(JwtTokenFilter.java:55)
	at org.springframework.web.filter.OncePerRequestFilter.doFilter(OncePerRequestFilter.java:117)
	at org.springframework.security.web.FilterChainProxy$VirtualFilterChain.doFilter(FilterChainProxy.java:336)
	at org.springframework.security.web.authentication.logout.LogoutFilter.doFilter(LogoutFilter.java:103)
	at org.springframework.security.web.authentication.logout.LogoutFilter.doFilter(LogoutFilter.java:89)
	at org.springframework.security.web.FilterChainProxy$VirtualFilterChain.doFilter(FilterChainProxy.java:336)
	at org.springframework.security.web.header.HeaderWriterFilter.doHeadersAfter(HeaderWriterFilter.java:90)
	at org.springframework.security.web.header.HeaderWriterFilter.doFilterInternal(HeaderWriterFilter.java:75)
	at org.springframework.web.filter.OncePerRequestFilter.doFilter(OncePerRequestFilter.java:117)
	at org.springframework.security.web.FilterChainProxy$VirtualFilterChain.doFilter(FilterChainProxy.java:336)
	at org.springframework.security.web.context.SecurityContextPersistenceFilter.doFilter(SecurityContextPersistenceFilter.java:112)
	at org.springframework.security.web.context.SecurityContextPersistenceFilter.doFilter(SecurityContextPersistenceFilter.java:82)
	at org.springframework.security.web.FilterChainProxy$VirtualFilterChain.doFilter(FilterChainProxy.java:336)
	at org.springframework.security.web.context.request.async.WebAsyncManagerIntegrationFilter.doFilterInternal(WebAsyncManagerIntegrationFilter.java:55)
	at org.springframework.web.filter.OncePerRequestFilter.doFilter(OncePerRequestFilter.java:117)
	at org.springframework.security.web.FilterChainProxy$VirtualFilterChain.doFilter(FilterChainProxy.java:336)
	at org.springframework.security.web.session.DisableEncodeUrlFilter.doFilterInternal(DisableEncodeUrlFilter.java:42)
	at org.springframework.web.filter.OncePerRequestFilter.doFilter(OncePerRequestFilter.java:117)
	at org.springframework.security.web.FilterChainProxy$VirtualFilterChain.doFilter(FilterChainProxy.java:336)
	at org.springframework.security.web.FilterChainProxy.doFilterInternal(FilterChainProxy.java:211)
	at org.springframework.security.web.FilterChainProxy.doFilter(FilterChainProxy.java:183)
	at org.springframework.web.filter.DelegatingFilterProxy.invokeDelegate(DelegatingFilterProxy.java:354)
	at org.springframework.web.filter.DelegatingFilterProxy.doFilter(DelegatingFilterProxy.java:267)
	at org.apache.catalina.core.ApplicationFilterChain.internalDoFilter(ApplicationFilterChain.java:189)
	at org.apache.catalina.core.ApplicationFilterChain.doFilter(ApplicationFilterChain.java:162)
	at org.springframework.web.filter.RequestContextFilter.doFilterInternal(RequestContextFilter.java:100)
	at org.springframework.web.filter.OncePerRequestFilter.doFilter(OncePerRequestFilter.java:117)
	at org.apache.catalina.core.ApplicationFilterChain.internalDoFilter(ApplicationFilterChain.java:189)
	at org.apache.catalina.core.ApplicationFilterChain.doFilter(ApplicationFilterChain.java:162)
	at org.springframework.web.filter.FormContentFilter.doFilterInternal(FormContentFilter.java:93)
	at org.springframework.web.filter.OncePerRequestFilter.doFilter(OncePerRequestFilter.java:117)
	at org.apache.catalina.core.ApplicationFilterChain.internalDoFilter(ApplicationFilterChain.java:189)
	at org.apache.catalina.core.ApplicationFilterChain.doFilter(ApplicationFilterChain.java:162)
	at org.springframework.web.filter.CharacterEncodingFilter.doFilterInternal(CharacterEncodingFilter.java:201)
	at org.springframework.web.filter.OncePerRequestFilter.doFilter(OncePerRequestFilter.java:117)
	at org.apache.catalina.core.ApplicationFilterChain.internalDoFilter(ApplicationFilterChain.java:189)
	at org.apache.catalina.core.ApplicationFilterChain.doFilter(ApplicationFilterChain.java:162)
	at org.apache.catalina.core.StandardWrapperValve.invoke(StandardWrapperValve.java:197)
	at org.apache.catalina.core.StandardContextValve.invoke(StandardContextValve.java:97)
	at org.apache.catalina.authenticator.AuthenticatorBase.invoke(AuthenticatorBase.java:541)
	at org.apache.catalina.core.StandardHostValve.invoke(StandardHostValve.java:135)
	at org.apache.catalina.valves.ErrorReportValve.invoke(ErrorReportValve.java:92)
	at org.apache.catalina.core.StandardEngineValve.invoke(StandardEngineValve.java:78)
	at org.apache.catalina.connector.CoyoteAdapter.service(CoyoteAdapter.java:360)
	at org.apache.coyote.http11.Http11Processor.service(Http11Processor.java:399)
	at org.apache.coyote.AbstractProcessorLight.process(AbstractProcessorLight.java:65)
	at org.apache.coyote.AbstractProtocol$ConnectionHandler.process(AbstractProtocol.java:890)
	at org.apache.tomcat.util.net.NioEndpoint$SocketProcessor.doRun(NioEndpoint.java:1787)
	at org.apache.tomcat.util.net.SocketProcessorBase.run(SocketProcessorBase.java:49)
	at org.apache.tomcat.util.threads.ThreadPoolExecutor.runWorker(ThreadPoolExecutor.java:1191)
	at org.apache.tomcat.util.threads.ThreadPoolExecutor$Worker.run(ThreadPoolExecutor.java:659)
	at org.apache.tomcat.util.threads.TaskThread$WrappingRunnable.run(TaskThread.java:61)
	at java.base/java.lang.Thread.run(Thread.java:833)
2022-07-27 13:26:19 [34mINFO [0;39m - org.springframework.orm.jpa.LocalContainerEntityManagerFactoryBean  - Closing JPA EntityManagerFactory for persistence unit 'default'
2022-07-27 13:26:19 [34mINFO [0;39m - com.zaxxer.hikari.HikariDataSource  - HikariPool-1 - Shutdown initiated...
2022-07-27 13:26:19 [34mINFO [0;39m - com.zaxxer.hikari.HikariDataSource  - HikariPool-1 - Shutdown completed.
2022-07-27 13:26:24 [34mINFO [0;39m - com.company.ShopUzApplication  - Starting ShopUzApplication using Java 17.0.2 on LAPTOP-9RLPLDCG with PID 11836 (C:\Samandar\Asilbekjon\ShopUz\target\classes started by samandar in C:\Samandar\Asilbekjon\ShopUz)
2022-07-27 13:26:24 [34mINFO [0;39m - com.company.ShopUzApplication  - The following 1 profile is active: "dev"
2022-07-27 13:26:25 [34mINFO [0;39m - org.springframework.data.repository.config.RepositoryConfigurationDelegate  - Bootstrapping Spring Data JPA repositories in DEFAULT mode.
2022-07-27 13:26:25 [34mINFO [0;39m - org.springframework.data.repository.config.RepositoryConfigurationDelegate  - Finished Spring Data repository scanning in 45 ms. Found 6 JPA repository interfaces.
2022-07-27 13:26:25 [34mINFO [0;39m - org.springframework.boot.web.embedded.tomcat.TomcatWebServer  - Tomcat initialized with port(s): 8080 (http)
2022-07-27 13:26:25 [34mINFO [0;39m - org.apache.catalina.core.StandardService  - Starting service [Tomcat]
2022-07-27 13:26:25 [34mINFO [0;39m - org.apache.catalina.core.StandardEngine  - Starting Servlet engine: [Apache Tomcat/9.0.64]
2022-07-27 13:26:25 [34mINFO [0;39m - org.apache.catalina.core.ContainerBase.[Tomcat].[localhost].[/]  - Initializing Spring embedded WebApplicationContext
2022-07-27 13:26:25 [34mINFO [0;39m - org.springframework.boot.web.servlet.context.ServletWebServerApplicationContext  - Root WebApplicationContext: initialization completed in 1138 ms
2022-07-27 13:26:25 [34mINFO [0;39m - org.hibernate.jpa.internal.util.LogHelper  - HHH000204: Processing PersistenceUnitInfo [name: default]
2022-07-27 13:26:25 [34mINFO [0;39m - org.hibernate.Version  - HHH000412: Hibernate ORM core version 5.6.9.Final
2022-07-27 13:26:25 [34mINFO [0;39m - org.hibernate.annotations.common.Version  - HCANN000001: Hibernate Commons Annotations {5.1.2.Final}
2022-07-27 13:26:26 [34mINFO [0;39m - com.zaxxer.hikari.HikariDataSource  - HikariPool-1 - Starting...
2022-07-27 13:26:26 [34mINFO [0;39m - com.zaxxer.hikari.HikariDataSource  - HikariPool-1 - Start completed.
2022-07-27 13:26:26 [34mINFO [0;39m - org.hibernate.dialect.Dialect  - HHH000400: Using dialect: org.hibernate.dialect.PostgreSQL10Dialect
2022-07-27 13:26:26 [31mWARN [0;39m - org.hibernate.id.UUIDHexGenerator  - HHH000409: Using org.hibernate.id.UUIDHexGenerator which does not generate IETF RFC 4122 compliant UUID values; consider using org.hibernate.id.UUIDGenerator instead
2022-07-27 13:26:27 [34mINFO [0;39m - org.hibernate.engine.transaction.jta.platform.internal.JtaPlatformInitiator  - HHH000490: Using JtaPlatform implementation: [org.hibernate.engine.transaction.jta.platform.internal.NoJtaPlatform]
2022-07-27 13:26:27 [34mINFO [0;39m - org.springframework.orm.jpa.LocalContainerEntityManagerFactoryBean  - Initialized JPA EntityManagerFactory for persistence unit 'default'
2022-07-27 13:26:27 [31mWARN [0;39m - org.springframework.boot.autoconfigure.orm.jpa.JpaBaseConfiguration$JpaWebConfiguration  - spring.jpa.open-in-view is enabled by default. Therefore, database queries may be performed during view rendering. Explicitly configure spring.jpa.open-in-view to disable this warning
2022-07-27 13:26:27 [34mINFO [0;39m - org.springframework.security.web.DefaultSecurityFilterChain  - Will secure any request with [org.springframework.security.web.session.DisableEncodeUrlFilter@39fc17be, org.springframework.security.web.context.request.async.WebAsyncManagerIntegrationFilter@106edde4, org.springframework.security.web.context.SecurityContextPersistenceFilter@43e2b8da, org.springframework.security.web.header.HeaderWriterFilter@303db609, org.springframework.security.web.authentication.logout.LogoutFilter@634d3439, com.company.config.JwtTokenFilter@7f973a14, org.springframework.security.web.savedrequest.RequestCacheAwareFilter@1c3a64b6, org.springframework.security.web.servletapi.SecurityContextHolderAwareRequestFilter@6bd28e4a, org.springframework.security.web.authentication.AnonymousAuthenticationFilter@4d9cf71d, org.springframework.security.web.session.SessionManagementFilter@1e38e8b6, org.springframework.security.web.access.ExceptionTranslationFilter@59d29065, org.springframework.security.web.access.intercept.FilterSecurityInterceptor@7bc6b117]
2022-07-27 13:26:27 [34mINFO [0;39m - org.springframework.boot.web.embedded.tomcat.TomcatWebServer  - Tomcat started on port(s): 8080 (http) with context path ''
2022-07-27 13:26:27 [34mINFO [0;39m - com.company.ShopUzApplication  - Started ShopUzApplication in 3.812 seconds (JVM running for 4.4)
2022-07-27 13:26:31 [34mINFO [0;39m - org.apache.catalina.core.ContainerBase.[Tomcat].[localhost].[/]  - Initializing Spring DispatcherServlet 'dispatcherServlet'
2022-07-27 13:26:31 [34mINFO [0;39m - org.springframework.web.servlet.DispatcherServlet  - Initializing Servlet 'dispatcherServlet'
2022-07-27 13:26:31 [34mINFO [0;39m - org.springframework.web.servlet.DispatcherServlet  - Completed initialization in 1 ms
2022-07-27 13:30:39 [34mINFO [0;39m - org.springframework.orm.jpa.LocalContainerEntityManagerFactoryBean  - Closing JPA EntityManagerFactory for persistence unit 'default'
2022-07-27 13:30:39 [34mINFO [0;39m - com.zaxxer.hikari.HikariDataSource  - HikariPool-1 - Shutdown initiated...
2022-07-27 13:30:39 [34mINFO [0;39m - com.zaxxer.hikari.HikariDataSource  - HikariPool-1 - Shutdown completed.
2022-07-27 13:30:44 [34mINFO [0;39m - com.company.ShopUzApplication  - Starting ShopUzApplication using Java 17.0.2 on LAPTOP-9RLPLDCG with PID 6976 (C:\Samandar\Asilbekjon\ShopUz\target\classes started by samandar in C:\Samandar\Asilbekjon\ShopUz)
2022-07-27 13:30:44 [34mINFO [0;39m - com.company.ShopUzApplication  - The following 1 profile is active: "dev"
2022-07-27 13:30:45 [34mINFO [0;39m - org.springframework.data.repository.config.RepositoryConfigurationDelegate  - Bootstrapping Spring Data JPA repositories in DEFAULT mode.
2022-07-27 13:30:45 [34mINFO [0;39m - org.springframework.data.repository.config.RepositoryConfigurationDelegate  - Finished Spring Data repository scanning in 49 ms. Found 6 JPA repository interfaces.
2022-07-27 13:30:45 [34mINFO [0;39m - org.springframework.boot.web.embedded.tomcat.TomcatWebServer  - Tomcat initialized with port(s): 8080 (http)
2022-07-27 13:30:45 [34mINFO [0;39m - org.apache.catalina.core.StandardService  - Starting service [Tomcat]
2022-07-27 13:30:45 [34mINFO [0;39m - org.apache.catalina.core.StandardEngine  - Starting Servlet engine: [Apache Tomcat/9.0.64]
2022-07-27 13:30:45 [34mINFO [0;39m - org.apache.catalina.core.ContainerBase.[Tomcat].[localhost].[/]  - Initializing Spring embedded WebApplicationContext
2022-07-27 13:30:45 [34mINFO [0;39m - org.springframework.boot.web.servlet.context.ServletWebServerApplicationContext  - Root WebApplicationContext: initialization completed in 1156 ms
2022-07-27 13:30:46 [34mINFO [0;39m - org.hibernate.jpa.internal.util.LogHelper  - HHH000204: Processing PersistenceUnitInfo [name: default]
2022-07-27 13:30:46 [34mINFO [0;39m - org.hibernate.Version  - HHH000412: Hibernate ORM core version 5.6.9.Final
2022-07-27 13:30:46 [34mINFO [0;39m - org.hibernate.annotations.common.Version  - HCANN000001: Hibernate Commons Annotations {5.1.2.Final}
2022-07-27 13:30:46 [34mINFO [0;39m - com.zaxxer.hikari.HikariDataSource  - HikariPool-1 - Starting...
2022-07-27 13:30:46 [34mINFO [0;39m - com.zaxxer.hikari.HikariDataSource  - HikariPool-1 - Start completed.
2022-07-27 13:30:46 [34mINFO [0;39m - org.hibernate.dialect.Dialect  - HHH000400: Using dialect: org.hibernate.dialect.PostgreSQL10Dialect
2022-07-27 13:30:46 [31mWARN [0;39m - org.hibernate.id.UUIDHexGenerator  - HHH000409: Using org.hibernate.id.UUIDHexGenerator which does not generate IETF RFC 4122 compliant UUID values; consider using org.hibernate.id.UUIDGenerator instead
2022-07-27 13:30:47 [34mINFO [0;39m - org.hibernate.engine.transaction.jta.platform.internal.JtaPlatformInitiator  - HHH000490: Using JtaPlatform implementation: [org.hibernate.engine.transaction.jta.platform.internal.NoJtaPlatform]
2022-07-27 13:30:47 [34mINFO [0;39m - org.springframework.orm.jpa.LocalContainerEntityManagerFactoryBean  - Initialized JPA EntityManagerFactory for persistence unit 'default'
2022-07-27 13:30:47 [31mWARN [0;39m - org.springframework.boot.autoconfigure.orm.jpa.JpaBaseConfiguration$JpaWebConfiguration  - spring.jpa.open-in-view is enabled by default. Therefore, database queries may be performed during view rendering. Explicitly configure spring.jpa.open-in-view to disable this warning
2022-07-27 13:30:47 [34mINFO [0;39m - org.springframework.security.web.DefaultSecurityFilterChain  - Will secure any request with [org.springframework.security.web.session.DisableEncodeUrlFilter@59d09ff3, org.springframework.security.web.context.request.async.WebAsyncManagerIntegrationFilter@17d0d3d7, org.springframework.security.web.context.SecurityContextPersistenceFilter@59bbf82e, org.springframework.security.web.header.HeaderWriterFilter@59d29065, org.springframework.security.web.authentication.logout.LogoutFilter@3b29d36c, com.company.config.JwtTokenFilter@7f973a14, org.springframework.security.web.savedrequest.RequestCacheAwareFilter@43e2b8da, org.springframework.security.web.servletapi.SecurityContextHolderAwareRequestFilter@eabecf5, org.springframework.security.web.authentication.AnonymousAuthenticationFilter@39fc17be, org.springframework.security.web.session.SessionManagementFilter@325e03b, org.springframework.security.web.access.ExceptionTranslationFilter@7267006e, org.springframework.security.web.access.intercept.FilterSecurityInterceptor@1b881f1f]
2022-07-27 13:30:48 [34mINFO [0;39m - org.springframework.boot.web.embedded.tomcat.TomcatWebServer  - Tomcat started on port(s): 8080 (http) with context path ''
2022-07-27 13:30:48 [34mINFO [0;39m - com.company.ShopUzApplication  - Started ShopUzApplication in 3.942 seconds (JVM running for 4.506)
2022-07-27 13:30:48 [34mINFO [0;39m - org.springframework.orm.jpa.LocalContainerEntityManagerFactoryBean  - Closing JPA EntityManagerFactory for persistence unit 'default'
2022-07-27 13:30:48 [34mINFO [0;39m - com.zaxxer.hikari.HikariDataSource  - HikariPool-1 - Shutdown initiated...
2022-07-27 13:30:48 [34mINFO [0;39m - com.zaxxer.hikari.HikariDataSource  - HikariPool-1 - Shutdown completed.
2022-07-27 13:32:06 [34mINFO [0;39m - com.company.ShopUzApplication  - Starting ShopUzApplication using Java 17.0.2 on LAPTOP-9RLPLDCG with PID 17348 (C:\Samandar\Asilbekjon\ShopUz\target\classes started by samandar in C:\Samandar\Asilbekjon\ShopUz)
2022-07-27 13:32:06 [34mINFO [0;39m - com.company.ShopUzApplication  - The following 1 profile is active: "dev"
2022-07-27 13:32:07 [34mINFO [0;39m - org.springframework.data.repository.config.RepositoryConfigurationDelegate  - Bootstrapping Spring Data JPA repositories in DEFAULT mode.
2022-07-27 13:32:07 [34mINFO [0;39m - org.springframework.data.repository.config.RepositoryConfigurationDelegate  - Finished Spring Data repository scanning in 46 ms. Found 6 JPA repository interfaces.
2022-07-27 13:32:07 [34mINFO [0;39m - org.springframework.boot.web.embedded.tomcat.TomcatWebServer  - Tomcat initialized with port(s): 8080 (http)
2022-07-27 13:32:07 [34mINFO [0;39m - org.apache.catalina.core.StandardService  - Starting service [Tomcat]
2022-07-27 13:32:07 [34mINFO [0;39m - org.apache.catalina.core.StandardEngine  - Starting Servlet engine: [Apache Tomcat/9.0.64]
2022-07-27 13:32:07 [34mINFO [0;39m - org.apache.catalina.core.ContainerBase.[Tomcat].[localhost].[/]  - Initializing Spring embedded WebApplicationContext
2022-07-27 13:32:07 [34mINFO [0;39m - org.springframework.boot.web.servlet.context.ServletWebServerApplicationContext  - Root WebApplicationContext: initialization completed in 1106 ms
2022-07-27 13:32:08 [34mINFO [0;39m - org.hibernate.jpa.internal.util.LogHelper  - HHH000204: Processing PersistenceUnitInfo [name: default]
2022-07-27 13:32:08 [34mINFO [0;39m - org.hibernate.Version  - HHH000412: Hibernate ORM core version 5.6.9.Final
2022-07-27 13:32:08 [34mINFO [0;39m - org.hibernate.annotations.common.Version  - HCANN000001: Hibernate Commons Annotations {5.1.2.Final}
2022-07-27 13:32:08 [34mINFO [0;39m - com.zaxxer.hikari.HikariDataSource  - HikariPool-1 - Starting...
2022-07-27 13:32:08 [34mINFO [0;39m - com.zaxxer.hikari.HikariDataSource  - HikariPool-1 - Start completed.
2022-07-27 13:32:08 [34mINFO [0;39m - org.hibernate.dialect.Dialect  - HHH000400: Using dialect: org.hibernate.dialect.PostgreSQL10Dialect
2022-07-27 13:32:08 [31mWARN [0;39m - org.hibernate.id.UUIDHexGenerator  - HHH000409: Using org.hibernate.id.UUIDHexGenerator which does not generate IETF RFC 4122 compliant UUID values; consider using org.hibernate.id.UUIDGenerator instead
2022-07-27 13:32:09 [34mINFO [0;39m - org.hibernate.engine.transaction.jta.platform.internal.JtaPlatformInitiator  - HHH000490: Using JtaPlatform implementation: [org.hibernate.engine.transaction.jta.platform.internal.NoJtaPlatform]
2022-07-27 13:32:09 [34mINFO [0;39m - org.springframework.orm.jpa.LocalContainerEntityManagerFactoryBean  - Initialized JPA EntityManagerFactory for persistence unit 'default'
2022-07-27 13:32:09 [31mWARN [0;39m - org.springframework.boot.autoconfigure.orm.jpa.JpaBaseConfiguration$JpaWebConfiguration  - spring.jpa.open-in-view is enabled by default. Therefore, database queries may be performed during view rendering. Explicitly configure spring.jpa.open-in-view to disable this warning
2022-07-27 13:32:09 [34mINFO [0;39m - org.springframework.security.web.DefaultSecurityFilterChain  - Will secure any request with [org.springframework.security.web.session.DisableEncodeUrlFilter@59d09ff3, org.springframework.security.web.context.request.async.WebAsyncManagerIntegrationFilter@17d0d3d7, org.springframework.security.web.context.SecurityContextPersistenceFilter@59bbf82e, org.springframework.security.web.header.HeaderWriterFilter@59d29065, org.springframework.security.web.authentication.logout.LogoutFilter@3b29d36c, com.company.config.JwtTokenFilter@7f973a14, org.springframework.security.web.savedrequest.RequestCacheAwareFilter@43e2b8da, org.springframework.security.web.servletapi.SecurityContextHolderAwareRequestFilter@eabecf5, org.springframework.security.web.authentication.AnonymousAuthenticationFilter@39fc17be, org.springframework.security.web.session.SessionManagementFilter@325e03b, org.springframework.security.web.access.ExceptionTranslationFilter@7267006e, org.springframework.security.web.access.intercept.FilterSecurityInterceptor@1b881f1f]
2022-07-27 13:32:10 [34mINFO [0;39m - org.springframework.boot.web.embedded.tomcat.TomcatWebServer  - Tomcat started on port(s): 8080 (http) with context path ''
2022-07-27 13:32:10 [34mINFO [0;39m - com.company.ShopUzApplication  - Started ShopUzApplication in 3.619 seconds (JVM running for 4.213)
2022-07-27 13:32:16 [34mINFO [0;39m - org.apache.catalina.core.ContainerBase.[Tomcat].[localhost].[/]  - Initializing Spring DispatcherServlet 'dispatcherServlet'
2022-07-27 13:32:16 [34mINFO [0;39m - org.springframework.web.servlet.DispatcherServlet  - Initializing Servlet 'dispatcherServlet'
2022-07-27 13:32:16 [34mINFO [0;39m - org.springframework.web.servlet.DispatcherServlet  - Completed initialization in 1 ms
2022-07-27 13:32:47 [34mINFO [0;39m - org.springframework.orm.jpa.LocalContainerEntityManagerFactoryBean  - Closing JPA EntityManagerFactory for persistence unit 'default'
2022-07-27 13:32:47 [34mINFO [0;39m - com.zaxxer.hikari.HikariDataSource  - HikariPool-1 - Shutdown initiated...
2022-07-27 13:32:47 [34mINFO [0;39m - com.zaxxer.hikari.HikariDataSource  - HikariPool-1 - Shutdown completed.
2022-07-27 13:32:52 [34mINFO [0;39m - com.company.ShopUzApplication  - Starting ShopUzApplication using Java 17.0.2 on LAPTOP-9RLPLDCG with PID 9604 (C:\Samandar\Asilbekjon\ShopUz\target\classes started by samandar in C:\Samandar\Asilbekjon\ShopUz)
2022-07-27 13:32:52 [34mINFO [0;39m - com.company.ShopUzApplication  - The following 1 profile is active: "dev"
2022-07-27 13:32:52 [34mINFO [0;39m - org.springframework.data.repository.config.RepositoryConfigurationDelegate  - Bootstrapping Spring Data JPA repositories in DEFAULT mode.
2022-07-27 13:32:52 [34mINFO [0;39m - org.springframework.data.repository.config.RepositoryConfigurationDelegate  - Finished Spring Data repository scanning in 43 ms. Found 6 JPA repository interfaces.
2022-07-27 13:32:53 [34mINFO [0;39m - org.springframework.boot.web.embedded.tomcat.TomcatWebServer  - Tomcat initialized with port(s): 8080 (http)
2022-07-27 13:32:53 [34mINFO [0;39m - org.apache.catalina.core.StandardService  - Starting service [Tomcat]
2022-07-27 13:32:53 [34mINFO [0;39m - org.apache.catalina.core.StandardEngine  - Starting Servlet engine: [Apache Tomcat/9.0.64]
2022-07-27 13:32:53 [34mINFO [0;39m - org.apache.catalina.core.ContainerBase.[Tomcat].[localhost].[/]  - Initializing Spring embedded WebApplicationContext
2022-07-27 13:32:53 [34mINFO [0;39m - org.springframework.boot.web.servlet.context.ServletWebServerApplicationContext  - Root WebApplicationContext: initialization completed in 1098 ms
2022-07-27 13:32:53 [34mINFO [0;39m - org.hibernate.jpa.internal.util.LogHelper  - HHH000204: Processing PersistenceUnitInfo [name: default]
2022-07-27 13:32:53 [34mINFO [0;39m - org.hibernate.Version  - HHH000412: Hibernate ORM core version 5.6.9.Final
2022-07-27 13:32:53 [34mINFO [0;39m - org.hibernate.annotations.common.Version  - HCANN000001: Hibernate Commons Annotations {5.1.2.Final}
2022-07-27 13:32:53 [34mINFO [0;39m - com.zaxxer.hikari.HikariDataSource  - HikariPool-1 - Starting...
2022-07-27 13:32:53 [34mINFO [0;39m - com.zaxxer.hikari.HikariDataSource  - HikariPool-1 - Start completed.
2022-07-27 13:32:53 [34mINFO [0;39m - org.hibernate.dialect.Dialect  - HHH000400: Using dialect: org.hibernate.dialect.PostgreSQL10Dialect
2022-07-27 13:32:53 [31mWARN [0;39m - org.hibernate.id.UUIDHexGenerator  - HHH000409: Using org.hibernate.id.UUIDHexGenerator which does not generate IETF RFC 4122 compliant UUID values; consider using org.hibernate.id.UUIDGenerator instead
2022-07-27 13:32:54 [34mINFO [0;39m - org.hibernate.engine.transaction.jta.platform.internal.JtaPlatformInitiator  - HHH000490: Using JtaPlatform implementation: [org.hibernate.engine.transaction.jta.platform.internal.NoJtaPlatform]
2022-07-27 13:32:54 [34mINFO [0;39m - org.springframework.orm.jpa.LocalContainerEntityManagerFactoryBean  - Initialized JPA EntityManagerFactory for persistence unit 'default'
2022-07-27 13:32:54 [31mWARN [0;39m - org.springframework.boot.autoconfigure.orm.jpa.JpaBaseConfiguration$JpaWebConfiguration  - spring.jpa.open-in-view is enabled by default. Therefore, database queries may be performed during view rendering. Explicitly configure spring.jpa.open-in-view to disable this warning
2022-07-27 13:32:55 [34mINFO [0;39m - org.springframework.security.web.DefaultSecurityFilterChain  - Will secure any request with [org.springframework.security.web.session.DisableEncodeUrlFilter@59d09ff3, org.springframework.security.web.context.request.async.WebAsyncManagerIntegrationFilter@17d0d3d7, org.springframework.security.web.context.SecurityContextPersistenceFilter@59bbf82e, org.springframework.security.web.header.HeaderWriterFilter@59d29065, org.springframework.security.web.authentication.logout.LogoutFilter@3b29d36c, com.company.config.JwtTokenFilter@7f973a14, org.springframework.security.web.savedrequest.RequestCacheAwareFilter@43e2b8da, org.springframework.security.web.servletapi.SecurityContextHolderAwareRequestFilter@eabecf5, org.springframework.security.web.authentication.AnonymousAuthenticationFilter@39fc17be, org.springframework.security.web.session.SessionManagementFilter@325e03b, org.springframework.security.web.access.ExceptionTranslationFilter@7267006e, org.springframework.security.web.access.intercept.FilterSecurityInterceptor@1b881f1f]
2022-07-27 13:32:55 [34mINFO [0;39m - org.springframework.boot.web.embedded.tomcat.TomcatWebServer  - Tomcat started on port(s): 8080 (http) with context path ''
2022-07-27 13:32:55 [34mINFO [0;39m - com.company.ShopUzApplication  - Started ShopUzApplication in 3.645 seconds (JVM running for 4.203)
2022-07-27 13:32:57 [34mINFO [0;39m - org.apache.catalina.core.ContainerBase.[Tomcat].[localhost].[/]  - Initializing Spring DispatcherServlet 'dispatcherServlet'
2022-07-27 13:32:57 [34mINFO [0;39m - org.springframework.web.servlet.DispatcherServlet  - Initializing Servlet 'dispatcherServlet'
2022-07-27 13:32:57 [34mINFO [0;39m - org.springframework.web.servlet.DispatcherServlet  - Completed initialization in 1 ms
2022-07-27 13:34:48 [34mINFO [0;39m - org.springframework.orm.jpa.LocalContainerEntityManagerFactoryBean  - Closing JPA EntityManagerFactory for persistence unit 'default'
2022-07-27 13:34:48 [34mINFO [0;39m - com.zaxxer.hikari.HikariDataSource  - HikariPool-1 - Shutdown initiated...
2022-07-27 13:34:48 [34mINFO [0;39m - com.zaxxer.hikari.HikariDataSource  - HikariPool-1 - Shutdown completed.
2022-07-27 13:34:52 [34mINFO [0;39m - com.company.ShopUzApplication  - Starting ShopUzApplication using Java 17.0.2 on LAPTOP-9RLPLDCG with PID 13880 (C:\Samandar\Asilbekjon\ShopUz\target\classes started by samandar in C:\Samandar\Asilbekjon\ShopUz)
2022-07-27 13:34:52 [34mINFO [0;39m - com.company.ShopUzApplication  - The following 1 profile is active: "dev"
2022-07-27 13:34:53 [34mINFO [0;39m - org.springframework.data.repository.config.RepositoryConfigurationDelegate  - Bootstrapping Spring Data JPA repositories in DEFAULT mode.
2022-07-27 13:34:53 [34mINFO [0;39m - org.springframework.data.repository.config.RepositoryConfigurationDelegate  - Finished Spring Data repository scanning in 48 ms. Found 6 JPA repository interfaces.
2022-07-27 13:34:53 [34mINFO [0;39m - org.springframework.boot.web.embedded.tomcat.TomcatWebServer  - Tomcat initialized with port(s): 8080 (http)
2022-07-27 13:34:53 [34mINFO [0;39m - org.apache.catalina.core.StandardService  - Starting service [Tomcat]
2022-07-27 13:34:53 [34mINFO [0;39m - org.apache.catalina.core.StandardEngine  - Starting Servlet engine: [Apache Tomcat/9.0.64]
2022-07-27 13:34:53 [34mINFO [0;39m - org.apache.catalina.core.ContainerBase.[Tomcat].[localhost].[/]  - Initializing Spring embedded WebApplicationContext
2022-07-27 13:34:53 [34mINFO [0;39m - org.springframework.boot.web.servlet.context.ServletWebServerApplicationContext  - Root WebApplicationContext: initialization completed in 1142 ms
2022-07-27 13:34:53 [34mINFO [0;39m - org.hibernate.jpa.internal.util.LogHelper  - HHH000204: Processing PersistenceUnitInfo [name: default]
2022-07-27 13:34:53 [34mINFO [0;39m - org.hibernate.Version  - HHH000412: Hibernate ORM core version 5.6.9.Final
2022-07-27 13:34:54 [34mINFO [0;39m - org.hibernate.annotations.common.Version  - HCANN000001: Hibernate Commons Annotations {5.1.2.Final}
2022-07-27 13:34:54 [34mINFO [0;39m - com.zaxxer.hikari.HikariDataSource  - HikariPool-1 - Starting...
2022-07-27 13:34:54 [34mINFO [0;39m - com.zaxxer.hikari.HikariDataSource  - HikariPool-1 - Start completed.
2022-07-27 13:34:54 [34mINFO [0;39m - org.hibernate.dialect.Dialect  - HHH000400: Using dialect: org.hibernate.dialect.PostgreSQL10Dialect
2022-07-27 13:34:54 [31mWARN [0;39m - org.hibernate.id.UUIDHexGenerator  - HHH000409: Using org.hibernate.id.UUIDHexGenerator which does not generate IETF RFC 4122 compliant UUID values; consider using org.hibernate.id.UUIDGenerator instead
2022-07-27 13:34:55 [34mINFO [0;39m - org.hibernate.engine.transaction.jta.platform.internal.JtaPlatformInitiator  - HHH000490: Using JtaPlatform implementation: [org.hibernate.engine.transaction.jta.platform.internal.NoJtaPlatform]
2022-07-27 13:34:55 [34mINFO [0;39m - org.springframework.orm.jpa.LocalContainerEntityManagerFactoryBean  - Initialized JPA EntityManagerFactory for persistence unit 'default'
2022-07-27 13:34:55 [31mWARN [0;39m - org.springframework.boot.autoconfigure.orm.jpa.JpaBaseConfiguration$JpaWebConfiguration  - spring.jpa.open-in-view is enabled by default. Therefore, database queries may be performed during view rendering. Explicitly configure spring.jpa.open-in-view to disable this warning
2022-07-27 13:34:55 [34mINFO [0;39m - org.springframework.security.web.DefaultSecurityFilterChain  - Will secure any request with [org.springframework.security.web.session.DisableEncodeUrlFilter@76cbee13, org.springframework.security.web.context.request.async.WebAsyncManagerIntegrationFilter@59d09ff3, org.springframework.security.web.context.SecurityContextPersistenceFilter@1e38e8b6, org.springframework.security.web.header.HeaderWriterFilter@745c8a04, org.springframework.security.web.authentication.logout.LogoutFilter@4e25282d, com.company.config.JwtTokenFilter@7f973a14, org.springframework.security.web.savedrequest.RequestCacheAwareFilter@75b3ef1a, org.springframework.security.web.servletapi.SecurityContextHolderAwareRequestFilter@20e9c165, org.springframework.security.web.authentication.AnonymousAuthenticationFilter@17d0d3d7, org.springframework.security.web.session.SessionManagementFilter@237c8718, org.springframework.security.web.access.ExceptionTranslationFilter@22c0344e, org.springframework.security.web.access.intercept.FilterSecurityInterceptor@7164e28a]
2022-07-27 13:34:55 [34mINFO [0;39m - org.springframework.boot.web.embedded.tomcat.TomcatWebServer  - Tomcat started on port(s): 8080 (http) with context path ''
2022-07-27 13:34:55 [34mINFO [0;39m - com.company.ShopUzApplication  - Started ShopUzApplication in 3.622 seconds (JVM running for 4.152)
2022-07-27 13:35:03 [34mINFO [0;39m - org.apache.catalina.core.ContainerBase.[Tomcat].[localhost].[/]  - Initializing Spring DispatcherServlet 'dispatcherServlet'
2022-07-27 13:35:03 [34mINFO [0;39m - org.springframework.web.servlet.DispatcherServlet  - Initializing Servlet 'dispatcherServlet'
2022-07-27 13:35:03 [34mINFO [0;39m - org.springframework.web.servlet.DispatcherServlet  - Completed initialization in 1 ms
2022-07-27 13:37:14 [34mINFO [0;39m - org.springframework.orm.jpa.LocalContainerEntityManagerFactoryBean  - Closing JPA EntityManagerFactory for persistence unit 'default'
2022-07-27 13:37:14 [34mINFO [0;39m - com.zaxxer.hikari.HikariDataSource  - HikariPool-1 - Shutdown initiated...
2022-07-27 13:37:14 [34mINFO [0;39m - com.zaxxer.hikari.HikariDataSource  - HikariPool-1 - Shutdown completed.
2022-07-27 13:37:19 [34mINFO [0;39m - com.company.ShopUzApplication  - Starting ShopUzApplication using Java 17.0.2 on LAPTOP-9RLPLDCG with PID 15216 (C:\Samandar\Asilbekjon\ShopUz\target\classes started by samandar in C:\Samandar\Asilbekjon\ShopUz)
2022-07-27 13:37:19 [34mINFO [0;39m - com.company.ShopUzApplication  - The following 1 profile is active: "dev"
2022-07-27 13:37:19 [34mINFO [0;39m - org.springframework.data.repository.config.RepositoryConfigurationDelegate  - Bootstrapping Spring Data JPA repositories in DEFAULT mode.
2022-07-27 13:37:19 [34mINFO [0;39m - org.springframework.data.repository.config.RepositoryConfigurationDelegate  - Finished Spring Data repository scanning in 46 ms. Found 6 JPA repository interfaces.
2022-07-27 13:37:20 [34mINFO [0;39m - org.springframework.boot.web.embedded.tomcat.TomcatWebServer  - Tomcat initialized with port(s): 8080 (http)
2022-07-27 13:37:20 [34mINFO [0;39m - org.apache.catalina.core.StandardService  - Starting service [Tomcat]
2022-07-27 13:37:20 [34mINFO [0;39m - org.apache.catalina.core.StandardEngine  - Starting Servlet engine: [Apache Tomcat/9.0.64]
2022-07-27 13:37:20 [34mINFO [0;39m - org.apache.catalina.core.ContainerBase.[Tomcat].[localhost].[/]  - Initializing Spring embedded WebApplicationContext
2022-07-27 13:37:20 [34mINFO [0;39m - org.springframework.boot.web.servlet.context.ServletWebServerApplicationContext  - Root WebApplicationContext: initialization completed in 1088 ms
2022-07-27 13:37:20 [34mINFO [0;39m - org.hibernate.jpa.internal.util.LogHelper  - HHH000204: Processing PersistenceUnitInfo [name: default]
2022-07-27 13:37:20 [34mINFO [0;39m - org.hibernate.Version  - HHH000412: Hibernate ORM core version 5.6.9.Final
2022-07-27 13:37:20 [34mINFO [0;39m - org.hibernate.annotations.common.Version  - HCANN000001: Hibernate Commons Annotations {5.1.2.Final}
2022-07-27 13:37:20 [34mINFO [0;39m - com.zaxxer.hikari.HikariDataSource  - HikariPool-1 - Starting...
2022-07-27 13:37:20 [34mINFO [0;39m - com.zaxxer.hikari.HikariDataSource  - HikariPool-1 - Start completed.
2022-07-27 13:37:20 [34mINFO [0;39m - org.hibernate.dialect.Dialect  - HHH000400: Using dialect: org.hibernate.dialect.PostgreSQL10Dialect
2022-07-27 13:37:20 [31mWARN [0;39m - org.hibernate.id.UUIDHexGenerator  - HHH000409: Using org.hibernate.id.UUIDHexGenerator which does not generate IETF RFC 4122 compliant UUID values; consider using org.hibernate.id.UUIDGenerator instead
2022-07-27 13:37:21 [34mINFO [0;39m - org.hibernate.engine.transaction.jta.platform.internal.JtaPlatformInitiator  - HHH000490: Using JtaPlatform implementation: [org.hibernate.engine.transaction.jta.platform.internal.NoJtaPlatform]
2022-07-27 13:37:21 [34mINFO [0;39m - org.springframework.orm.jpa.LocalContainerEntityManagerFactoryBean  - Initialized JPA EntityManagerFactory for persistence unit 'default'
2022-07-27 13:37:21 [31mWARN [0;39m - org.springframework.boot.autoconfigure.orm.jpa.JpaBaseConfiguration$JpaWebConfiguration  - spring.jpa.open-in-view is enabled by default. Therefore, database queries may be performed during view rendering. Explicitly configure spring.jpa.open-in-view to disable this warning
2022-07-27 13:37:21 [34mINFO [0;39m - org.springframework.security.web.DefaultSecurityFilterChain  - Will secure any request with [org.springframework.security.web.session.DisableEncodeUrlFilter@17d0d3d7, org.springframework.security.web.context.request.async.WebAsyncManagerIntegrationFilter@39fc17be, org.springframework.security.web.context.SecurityContextPersistenceFilter@75b3ef1a, org.springframework.security.web.header.HeaderWriterFilter@7a13ad55, org.springframework.security.web.authentication.logout.LogoutFilter@d641499, com.company.config.JwtTokenFilter@7f973a14, org.springframework.security.web.savedrequest.RequestCacheAwareFilter@1ac68548, org.springframework.security.web.servletapi.SecurityContextHolderAwareRequestFilter@417b3642, org.springframework.security.web.authentication.AnonymousAuthenticationFilter@106edde4, org.springframework.security.web.session.SessionManagementFilter@3911fec8, org.springframework.security.web.access.ExceptionTranslationFilter@745c8a04, org.springframework.security.web.access.intercept.FilterSecurityInterceptor@51efdb72]
2022-07-27 13:37:22 [34mINFO [0;39m - org.springframework.boot.web.embedded.tomcat.TomcatWebServer  - Tomcat started on port(s): 8080 (http) with context path ''
2022-07-27 13:37:22 [34mINFO [0;39m - com.company.ShopUzApplication  - Started ShopUzApplication in 3.582 seconds (JVM running for 4.097)
2022-07-27 13:37:27 [34mINFO [0;39m - org.apache.catalina.core.ContainerBase.[Tomcat].[localhost].[/]  - Initializing Spring DispatcherServlet 'dispatcherServlet'
2022-07-27 13:37:27 [34mINFO [0;39m - org.springframework.web.servlet.DispatcherServlet  - Initializing Servlet 'dispatcherServlet'
2022-07-27 13:37:27 [34mINFO [0;39m - org.springframework.web.servlet.DispatcherServlet  - Completed initialization in 2 ms
2022-07-27 13:37:38 [34mINFO [0;39m - org.springframework.orm.jpa.LocalContainerEntityManagerFactoryBean  - Closing JPA EntityManagerFactory for persistence unit 'default'
2022-07-27 13:37:38 [34mINFO [0;39m - com.zaxxer.hikari.HikariDataSource  - HikariPool-1 - Shutdown initiated...
2022-07-27 13:37:38 [34mINFO [0;39m - com.zaxxer.hikari.HikariDataSource  - HikariPool-1 - Shutdown completed.
